#
# There is insufficient memory for the Java Runtime Environment to continue.
# Native memory allocation (mmap) failed to map 541065216 bytes for G1 virtual space
# Possible reasons:
#   The system is out of physical RAM or swap space
#   The process is running with CompressedOops enabled, and the Java Heap may be blocking the growth of the native heap
# Possible solutions:
#   Reduce memory load on the system
#   Increase physical memory or swap space
#   Check if swap backing store is full
#   Decrease Java heap size (-Xmx/-Xms)
#   Decrease number of Java threads
#   Decrease Java thread stack sizes (-Xss)
#   Set larger code cache with -XX:ReservedCodeCacheSize=
#   JVM is running with Zero Based Compressed Oops mode in which the Java heap is
#     placed in the first 32GB address space. The Java Heap base address is the
#     maximum limit for the native heap growth. Please use -XX:HeapBaseMinAddress
#     to set the Java Heap base and to place the Java Heap above 32GB virtual address.
# This output file may be truncated or incomplete.
#
#  Out of Memory Error (os_windows.cpp:3600), pid=5772, tid=10268
#
# JRE version: Java(TM) SE Runtime Environment (21.0.4+8) (build 21.0.4+8-LTS-274)
# Java VM: Java HotSpot(TM) 64-Bit Server VM (21.0.4+8-LTS-274, mixed mode, sharing, tiered, compressed oops, compressed class ptrs, g1 gc, windows-amd64)
# No core dump will be written. Minidumps are not enabled by default on client versions of Windows
#

---------------  S U M M A R Y ------------

Command Line: -Dmaven.multiModuleProjectDirectory=C:\Users\aleks\hackaton\upSus-back org.apache.maven.wrapper.MavenWrapperMain compile quarkus:dev

Host: AMD Ryzen 5 5500U with Radeon Graphics         , 12 cores, 11G,  Windows 11 , 64 bit Build 22621 (10.0.22621.3958)
Time: Thu Oct 17 11:52:45 2024 Horário Padrão de Tocantins elapsed time: 12.314566 seconds (0d 0h 0m 12s)

---------------  T H R E A D  ---------------

Current thread (0x00000258cc8e1860):  VMThread "VM Thread"          [id=10268, stack(0x000000f0ee100000,0x000000f0ee200000) (1024K)]

Stack: [0x000000f0ee100000,0x000000f0ee200000]
Native frames: (J=compiled Java code, j=interpreted, Vv=VM code, C=native code)
V  [jvm.dll+0x6c8e59]
V  [jvm.dll+0x853181]
V  [jvm.dll+0x8556ae]
V  [jvm.dll+0x855d83]
V  [jvm.dll+0x27d526]
V  [jvm.dll+0x6c55f5]
V  [jvm.dll+0x6ba17a]
V  [jvm.dll+0x352a8a]
V  [jvm.dll+0x35a6e6]
V  [jvm.dll+0x3acdae]
V  [jvm.dll+0x3ad058]
V  [jvm.dll+0x326dec]
V  [jvm.dll+0x326e77]
V  [jvm.dll+0x36b75c]
V  [jvm.dll+0x369fae]
V  [jvm.dll+0x3265b1]
V  [jvm.dll+0x3696ca]
V  [jvm.dll+0x85bb50]
V  [jvm.dll+0x85ced4]
V  [jvm.dll+0x85d410]
V  [jvm.dll+0x85d6b3]
V  [jvm.dll+0x7fd65b]
V  [jvm.dll+0x6c753d]
C  [ucrtbase.dll+0x29333]
C  [KERNEL32.DLL+0x1257d]
C  [ntdll.dll+0x5af08]

VM_Operation (0x000000f0edafc2c0): G1CollectForAllocation, mode: safepoint, requested by thread 0x00000258ac7f0b70


---------------  P R O C E S S  ---------------

Threads class SMR info:
_java_thread_list=0x00000259137b8850, length=25, elements={
0x00000258ac7f0b70, 0x00000258cc8ff690, 0x00000258cc9023c0, 0x00000258cc9057c0,
0x00000258cc906350, 0x00000258cc907010, 0x00000258cc907ba0, 0x00000258cc909940,
0x00000258cc91fa40, 0x00000258ccbc8620, 0x00000258ccbd36a0, 0x00000259127ae3a0,
0x0000025912a27ea0, 0x00000259138b6fe0, 0x000002591524d810, 0x0000025914306460,
0x00000258ccb436f0, 0x0000025913bd92e0, 0x0000025913bdc0d0, 0x0000025913bd9970,
0x0000025913bdba40, 0x0000025913bda000, 0x0000025913bda690, 0x0000025913bdc760,
0x0000025914476170
}

Java Threads: ( => current thread )
  0x00000258ac7f0b70 JavaThread "main"                              [_thread_blocked, id=3820, stack(0x000000f0eda00000,0x000000f0edb00000) (1024K)]
  0x00000258cc8ff690 JavaThread "Reference Handler"          daemon [_thread_blocked, id=7960, stack(0x000000f0ee200000,0x000000f0ee300000) (1024K)]
  0x00000258cc9023c0 JavaThread "Finalizer"                  daemon [_thread_blocked, id=16508, stack(0x000000f0ee300000,0x000000f0ee400000) (1024K)]
  0x00000258cc9057c0 JavaThread "Signal Dispatcher"          daemon [_thread_blocked, id=2668, stack(0x000000f0ee400000,0x000000f0ee500000) (1024K)]
  0x00000258cc906350 JavaThread "Attach Listener"            daemon [_thread_blocked, id=17008, stack(0x000000f0ee500000,0x000000f0ee600000) (1024K)]
  0x00000258cc907010 JavaThread "Service Thread"             daemon [_thread_blocked, id=8312, stack(0x000000f0ee600000,0x000000f0ee700000) (1024K)]
  0x00000258cc907ba0 JavaThread "Monitor Deflation Thread"   daemon [_thread_blocked, id=11272, stack(0x000000f0ee700000,0x000000f0ee800000) (1024K)]
  0x00000258cc909940 JavaThread "C2 CompilerThread0"         daemon [_thread_blocked, id=3892, stack(0x000000f0ee800000,0x000000f0ee900000) (1024K)]
  0x00000258cc91fa40 JavaThread "C1 CompilerThread0"         daemon [_thread_blocked, id=18512, stack(0x000000f0ee900000,0x000000f0eea00000) (1024K)]
  0x00000258ccbc8620 JavaThread "Notification Thread"        daemon [_thread_blocked, id=5880, stack(0x000000f0eea00000,0x000000f0eeb00000) (1024K)]
  0x00000258ccbd36a0 JavaThread "Common-Cleaner"             daemon [_thread_blocked, id=6812, stack(0x000000f0eeb00000,0x000000f0eec00000) (1024K)]
  0x00000259127ae3a0 JavaThread "C2 CompilerThread1"         daemon [_thread_in_native, id=18364, stack(0x000000f0eec00000,0x000000f0eed00000) (1024K)]
  0x0000025912a27ea0 JavaThread "Thread-1"                   daemon [_thread_blocked, id=15956, stack(0x000000f0eed00000,0x000000f0eee00000) (1024K)]
  0x00000259138b6fe0 JavaThread "ForkJoinPool.commonPool-worker-1" daemon [_thread_blocked, id=11572, stack(0x000000f0ef800000,0x000000f0ef900000) (1024K)]
  0x000002591524d810 JavaThread "ForkJoinPool.commonPool-worker-2" daemon [_thread_blocked, id=8988, stack(0x000000f0ef900000,0x000000f0efa00000) (1024K)]
  0x0000025914306460 JavaThread "ForkJoinPool.commonPool-worker-3" daemon [_thread_blocked, id=16168, stack(0x000000f0efa00000,0x000000f0efb00000) (1024K)]
  0x00000258ccb436f0 JavaThread "ForkJoinPool.commonPool-worker-4" daemon [_thread_blocked, id=14476, stack(0x000000f0efb00000,0x000000f0efc00000) (1024K)]
  0x0000025913bd92e0 JavaThread "ForkJoinPool.commonPool-worker-5" daemon [_thread_blocked, id=8492, stack(0x000000f0efc00000,0x000000f0efd00000) (1024K)]
  0x0000025913bdc0d0 JavaThread "ForkJoinPool.commonPool-worker-6" daemon [_thread_blocked, id=2924, stack(0x000000f0efd00000,0x000000f0efe00000) (1024K)]
  0x0000025913bd9970 JavaThread "ForkJoinPool.commonPool-worker-7" daemon [_thread_blocked, id=12680, stack(0x000000f0efe00000,0x000000f0eff00000) (1024K)]
  0x0000025913bdba40 JavaThread "ForkJoinPool.commonPool-worker-8" daemon [_thread_blocked, id=9472, stack(0x000000f0eff00000,0x000000f0f0000000) (1024K)]
  0x0000025913bda000 JavaThread "ForkJoinPool.commonPool-worker-9" daemon [_thread_blocked, id=13432, stack(0x000000f0f0000000,0x000000f0f0100000) (1024K)]
  0x0000025913bda690 JavaThread "ForkJoinPool.commonPool-worker-10" daemon [_thread_blocked, id=12876, stack(0x000000f0f0100000,0x000000f0f0200000) (1024K)]
  0x0000025913bdc760 JavaThread "ForkJoinPool.commonPool-worker-11" daemon [_thread_blocked, id=16568, stack(0x000000f0f0200000,0x000000f0f0300000) (1024K)]
  0x0000025914476170 JavaThread "C2 CompilerThread2"         daemon [_thread_blocked, id=8460, stack(0x000000f0ef700000,0x000000f0ef800000) (1024K)]
Total: 25

Other Threads:
=>0x00000258cc8e1860 VMThread "VM Thread"                           [id=10268, stack(0x000000f0ee100000,0x000000f0ee200000) (1024K)]
  0x00000258cc8c6560 WatcherThread "VM Periodic Task Thread"        [id=16520, stack(0x000000f0ee000000,0x000000f0ee100000) (1024K)]
  0x00000258aea8dca0 WorkerThread "GC Thread#0"                     [id=18304, stack(0x000000f0edb00000,0x000000f0edc00000) (1024K)]
  0x0000025912bbd2b0 WorkerThread "GC Thread#1"                     [id=15368, stack(0x000000f0eee00000,0x000000f0eef00000) (1024K)]
  0x0000025912bbd650 WorkerThread "GC Thread#2"                     [id=6696, stack(0x000000f0eef00000,0x000000f0ef000000) (1024K)]
  0x0000025912bbd9f0 WorkerThread "GC Thread#3"                     [id=9488, stack(0x000000f0ef000000,0x000000f0ef100000) (1024K)]
  0x0000025912bbc7d0 WorkerThread "GC Thread#4"                     [id=18956, stack(0x000000f0ef100000,0x000000f0ef200000) (1024K)]
  0x0000025912bbcb70 WorkerThread "GC Thread#5"                     [id=9476, stack(0x000000f0ef200000,0x000000f0ef300000) (1024K)]
  0x0000025912bbdd90 WorkerThread "GC Thread#6"                     [id=18488, stack(0x000000f0ef300000,0x000000f0ef400000) (1024K)]
  0x0000025912bbe130 WorkerThread "GC Thread#7"                     [id=4724, stack(0x000000f0ef400000,0x000000f0ef500000) (1024K)]
  0x00000259131f27d0 WorkerThread "GC Thread#8"                     [id=7664, stack(0x000000f0ef500000,0x000000f0ef600000) (1024K)]
  0x00000259131f32b0 WorkerThread "GC Thread#9"                     [id=12900, stack(0x000000f0ef600000,0x000000f0ef700000) (1024K)]
  0x00000258aea9a210 ConcurrentGCThread "G1 Main Marker"            [id=6556, stack(0x000000f0edc00000,0x000000f0edd00000) (1024K)]
  0x00000258aea9aec0 WorkerThread "G1 Conc#0"                       [id=8804, stack(0x000000f0edd00000,0x000000f0ede00000) (1024K)]
  0x00000259131f0ad0 WorkerThread "G1 Conc#1"                       [id=18168, stack(0x000000f0f0300000,0x000000f0f0400000) (1024K)]
  0x00000259131f2090 WorkerThread "G1 Conc#2"                       [id=15944, stack(0x000000f0f0400000,0x000000f0f0500000) (1024K)]
  0x00000258cc7984f0 ConcurrentGCThread "G1 Refine#0"               [id=10772, stack(0x000000f0ede00000,0x000000f0edf00000) (1024K)]
  0x00000258cc799060 ConcurrentGCThread "G1 Service"                [id=12976, stack(0x000000f0edf00000,0x000000f0ee000000) (1024K)]
Total: 18

Threads with active compile tasks:
C2 CompilerThread0    12347 7542   !   4       org.eclipse.aether.internal.impl.collect.df.DfDependencyCollector::processDependency (684 bytes)
C2 CompilerThread1    12348 7519   !   4       org.apache.maven.model.Model::clone (502 bytes)
C2 CompilerThread2    12348 7521       4       org.apache.maven.model.io.xpp3.MavenXpp3Reader::parseModel (1606 bytes)
Total: 3

VM state: at safepoint (normal execution)

VM Mutex/Monitor currently owned by a thread:  ([mutex/lock_event])
[0x00007ff8d0647e98] Threads_lock - owner thread: 0x00000258cc8e1860
[0x00007ff8d0647f98] Heap_lock - owner thread: 0x00000258ac7f0b70

Heap address: 0x000000074a600000, size: 2906 MB, Compressed Oops mode: Zero based, Oop shift amount: 3

CDS archive(s) mapped at: [0x00000258cd000000-0x00000258cdc90000-0x00000258cdc90000), size 13172736, SharedBaseAddress: 0x00000258cd000000, ArchiveRelocationMode: 1.
Compressed class space mapped at: 0x00000258ce000000-0x000002590e000000, reserved size: 1073741824
Narrow klass base: 0x00000258cd000000, Narrow klass shift: 0, Narrow klass range: 0x100000000

GC Precious Log:
 CardTable entry size: 512
 Card Set container configuration: InlinePtr #cards 4 size 8 Array Of Cards #cards 16 size 48 Howl #buckets 8 coarsen threshold 3686 Howl Bitmap #cards 512 size 80 coarsen threshold 460 Card regions per heap region 1 cards per card region 4096
 CPUs: 12 total, 12 available
 Memory: 11621M
 Large Page Support: Disabled
 NUMA Support: Disabled
 Compressed Oops: Enabled (Zero based)
 Heap Region Size: 2M
 Heap Min Capacity: 8M
 Heap Initial Capacity: 182M
 Heap Max Capacity: 2906M
 Pre-touch: Disabled
 Parallel Workers: 10
 Concurrent Workers: 3
 Concurrent Refinement Workers: 10
 Periodic GC: Disabled

Heap:
 garbage-first heap   total 342016K, used 177888K [0x000000074a600000, 0x0000000800000000)
  region size 2048K, 6 young (12288K), 6 survivors (12288K)
 Metaspace       used 26761K, committed 27328K, reserved 1114112K
  class space    used 2907K, committed 3136K, reserved 1048576K

Heap Regions: E=young(eden), S=young(survivor), O=old, HS=humongous(starts), HC=humongous(continues), CS=collection set, F=free, TAMS=top-at-mark-start, PB=parsable bottom
|   0|0x000000074a600000, 0x000000074a800000, 0x000000074a800000|100%| O|  |TAMS 0x000000074a600000| PB 0x000000074a600000| Untracked 
|   1|0x000000074a800000, 0x000000074aa00000, 0x000000074aa00000|100%| O|  |TAMS 0x000000074a800000| PB 0x000000074a800000| Untracked 
|   2|0x000000074aa00000, 0x000000074ac00000, 0x000000074ac00000|100%| O|  |TAMS 0x000000074aa00000| PB 0x000000074aa00000| Untracked 
|   3|0x000000074ac00000, 0x000000074ae00000, 0x000000074ae00000|100%| O|  |TAMS 0x000000074ac00000| PB 0x000000074ac00000| Untracked 
|   4|0x000000074ae00000, 0x000000074b000000, 0x000000074b000000|100%| O|  |TAMS 0x000000074ae00000| PB 0x000000074ae00000| Untracked 
|   5|0x000000074b000000, 0x000000074b200000, 0x000000074b200000|100%| O|  |TAMS 0x000000074b000000| PB 0x000000074b000000| Untracked 
|   6|0x000000074b200000, 0x000000074b400000, 0x000000074b400000|100%| O|  |TAMS 0x000000074b200000| PB 0x000000074b200000| Untracked 
|   7|0x000000074b400000, 0x000000074b600000, 0x000000074b600000|100%| O|  |TAMS 0x000000074b400000| PB 0x000000074b400000| Untracked 
|   8|0x000000074b600000, 0x000000074b800000, 0x000000074b800000|100%| O|  |TAMS 0x000000074b600000| PB 0x000000074b600000| Untracked 
|   9|0x000000074b800000, 0x000000074ba00000, 0x000000074ba00000|100%| O|  |TAMS 0x000000074b800000| PB 0x000000074b800000| Untracked 
|  10|0x000000074ba00000, 0x000000074bc00000, 0x000000074bc00000|100%| O|  |TAMS 0x000000074ba00000| PB 0x000000074ba00000| Untracked 
|  11|0x000000074bc00000, 0x000000074be00000, 0x000000074be00000|100%| O|  |TAMS 0x000000074bc00000| PB 0x000000074bc00000| Untracked 
|  12|0x000000074be00000, 0x000000074c000000, 0x000000074c000000|100%| O|  |TAMS 0x000000074be00000| PB 0x000000074be00000| Untracked 
|  13|0x000000074c000000, 0x000000074c200000, 0x000000074c200000|100%| O|  |TAMS 0x000000074c000000| PB 0x000000074c000000| Untracked 
|  14|0x000000074c200000, 0x000000074c400000, 0x000000074c400000|100%| O|  |TAMS 0x000000074c200000| PB 0x000000074c200000| Untracked 
|  15|0x000000074c400000, 0x000000074c600000, 0x000000074c600000|100%| O|  |TAMS 0x000000074c400000| PB 0x000000074c400000| Untracked 
|  16|0x000000074c600000, 0x000000074c800000, 0x000000074c800000|100%| O|  |TAMS 0x000000074c600000| PB 0x000000074c600000| Untracked 
|  17|0x000000074c800000, 0x000000074ca00000, 0x000000074ca00000|100%| O|  |TAMS 0x000000074c800000| PB 0x000000074c800000| Untracked 
|  18|0x000000074ca00000, 0x000000074cc00000, 0x000000074cc00000|100%| O|  |TAMS 0x000000074ca00000| PB 0x000000074ca00000| Untracked 
|  19|0x000000074cc00000, 0x000000074ce00000, 0x000000074ce00000|100%| O|  |TAMS 0x000000074cc00000| PB 0x000000074cc00000| Untracked 
|  20|0x000000074ce00000, 0x000000074d000000, 0x000000074d000000|100%| O|  |TAMS 0x000000074ce00000| PB 0x000000074ce00000| Untracked 
|  21|0x000000074d000000, 0x000000074d200000, 0x000000074d200000|100%| O|  |TAMS 0x000000074d000000| PB 0x000000074d000000| Untracked 
|  22|0x000000074d200000, 0x000000074d400000, 0x000000074d400000|100%| O|Cm|TAMS 0x000000074d200000| PB 0x000000074d200000| Complete 
|  23|0x000000074d400000, 0x000000074d600000, 0x000000074d600000|100%| O|  |TAMS 0x000000074d400000| PB 0x000000074d400000| Untracked 
|  24|0x000000074d600000, 0x000000074d800000, 0x000000074d800000|100%| O|  |TAMS 0x000000074d600000| PB 0x000000074d600000| Untracked 
|  25|0x000000074d800000, 0x000000074da00000, 0x000000074da00000|100%| O|  |TAMS 0x000000074d800000| PB 0x000000074d800000| Untracked 
|  26|0x000000074da00000, 0x000000074dc00000, 0x000000074dc00000|100%| O|  |TAMS 0x000000074da00000| PB 0x000000074da00000| Untracked 
|  27|0x000000074dc00000, 0x000000074de00000, 0x000000074de00000|100%| O|  |TAMS 0x000000074dc00000| PB 0x000000074dc00000| Untracked 
|  28|0x000000074de00000, 0x000000074e000000, 0x000000074e000000|100%| O|  |TAMS 0x000000074de00000| PB 0x000000074de00000| Untracked 
|  29|0x000000074e000000, 0x000000074e200000, 0x000000074e200000|100%| O|  |TAMS 0x000000074e000000| PB 0x000000074e000000| Untracked 
|  30|0x000000074e200000, 0x000000074e400000, 0x000000074e400000|100%| O|  |TAMS 0x000000074e200000| PB 0x000000074e200000| Untracked 
|  31|0x000000074e400000, 0x000000074e600000, 0x000000074e600000|100%| O|  |TAMS 0x000000074e400000| PB 0x000000074e400000| Untracked 
|  32|0x000000074e600000, 0x000000074e800000, 0x000000074e800000|100%| O|Cm|TAMS 0x000000074e600000| PB 0x000000074e600000| Complete 
|  33|0x000000074e800000, 0x000000074ea00000, 0x000000074ea00000|100%| O|  |TAMS 0x000000074e800000| PB 0x000000074e800000| Untracked 
|  34|0x000000074ea00000, 0x000000074ec00000, 0x000000074ec00000|100%| O|  |TAMS 0x000000074ea00000| PB 0x000000074ea00000| Untracked 
|  35|0x000000074ec00000, 0x000000074ee00000, 0x000000074ee00000|100%| O|  |TAMS 0x000000074ec00000| PB 0x000000074ec00000| Untracked 
|  36|0x000000074ee00000, 0x000000074f000000, 0x000000074f000000|100%| O|Cm|TAMS 0x000000074ee00000| PB 0x000000074ee00000| Complete 
|  37|0x000000074f000000, 0x000000074f000000, 0x000000074f200000|  0%| F|  |TAMS 0x000000074f000000| PB 0x000000074f000000| Untracked 
|  38|0x000000074f200000, 0x000000074f200000, 0x000000074f400000|  0%| F|  |TAMS 0x000000074f200000| PB 0x000000074f200000| Untracked 
|  39|0x000000074f400000, 0x000000074f600000, 0x000000074f600000|100%| O|  |TAMS 0x000000074f400000| PB 0x000000074f400000| Untracked 
|  40|0x000000074f600000, 0x000000074f800000, 0x000000074f800000|100%| O|Cm|TAMS 0x000000074f600000| PB 0x000000074f600000| Complete 
|  41|0x000000074f800000, 0x000000074fa00000, 0x000000074fa00000|100%| O|Cm|TAMS 0x000000074f800000| PB 0x000000074f800000| Complete 
|  42|0x000000074fa00000, 0x000000074fc00000, 0x000000074fc00000|100%| O|  |TAMS 0x000000074fa00000| PB 0x000000074fa00000| Untracked 
|  43|0x000000074fc00000, 0x000000074fe00000, 0x000000074fe00000|100%| O|  |TAMS 0x000000074fc00000| PB 0x000000074fc00000| Untracked 
|  44|0x000000074fe00000, 0x0000000750000000, 0x0000000750000000|100%| O|  |TAMS 0x000000074fe00000| PB 0x000000074fe00000| Untracked 
|  45|0x0000000750000000, 0x0000000750200000, 0x0000000750200000|100%| O|  |TAMS 0x0000000750000000| PB 0x0000000750000000| Untracked 
|  46|0x0000000750200000, 0x0000000750200000, 0x0000000750400000|  0%| F|  |TAMS 0x0000000750200000| PB 0x0000000750200000| Untracked 
|  47|0x0000000750400000, 0x0000000750400000, 0x0000000750600000|  0%| F|  |TAMS 0x0000000750400000| PB 0x0000000750400000| Untracked 
|  48|0x0000000750600000, 0x0000000750800000, 0x0000000750800000|100%| O|  |TAMS 0x0000000750600000| PB 0x0000000750600000| Untracked 
|  49|0x0000000750800000, 0x0000000750a00000, 0x0000000750a00000|100%| O|Cm|TAMS 0x0000000750800000| PB 0x0000000750800000| Complete 
|  50|0x0000000750a00000, 0x0000000750a00000, 0x0000000750c00000|  0%| F|  |TAMS 0x0000000750a00000| PB 0x0000000750a00000| Untracked 
|  51|0x0000000750c00000, 0x0000000750c00000, 0x0000000750e00000|  0%| F|  |TAMS 0x0000000750c00000| PB 0x0000000750c00000| Untracked 
|  52|0x0000000750e00000, 0x0000000750e00000, 0x0000000751000000|  0%| F|  |TAMS 0x0000000750e00000| PB 0x0000000750e00000| Untracked 
|  53|0x0000000751000000, 0x0000000751200000, 0x0000000751200000|100%| O|  |TAMS 0x0000000751000000| PB 0x0000000751000000| Untracked 
|  54|0x0000000751200000, 0x0000000751400000, 0x0000000751400000|100%| O|  |TAMS 0x0000000751200000| PB 0x0000000751200000| Untracked 
|  55|0x0000000751400000, 0x0000000751600000, 0x0000000751600000|100%| O|  |TAMS 0x0000000751400000| PB 0x0000000751400000| Untracked 
|  56|0x0000000751600000, 0x0000000751800000, 0x0000000751800000|100%| O|  |TAMS 0x0000000751600000| PB 0x0000000751600000| Untracked 
|  57|0x0000000751800000, 0x0000000751800000, 0x0000000751a00000|  0%| F|  |TAMS 0x0000000751800000| PB 0x0000000751800000| Untracked 
|  58|0x0000000751a00000, 0x0000000751c00000, 0x0000000751c00000|100%| O|  |TAMS 0x0000000751a00000| PB 0x0000000751a00000| Untracked 
|  59|0x0000000751c00000, 0x0000000751c00000, 0x0000000751e00000|  0%| F|  |TAMS 0x0000000751c00000| PB 0x0000000751c00000| Untracked 
|  60|0x0000000751e00000, 0x0000000752000000, 0x0000000752000000|100%| O|  |TAMS 0x0000000751e00000| PB 0x0000000751e00000| Untracked 
|  61|0x0000000752000000, 0x0000000752000000, 0x0000000752200000|  0%| F|  |TAMS 0x0000000752000000| PB 0x0000000752000000| Untracked 
|  62|0x0000000752200000, 0x0000000752400000, 0x0000000752400000|100%| O|  |TAMS 0x0000000752200000| PB 0x0000000752200000| Untracked 
|  63|0x0000000752400000, 0x0000000752600000, 0x0000000752600000|100%| O|  |TAMS 0x0000000752400000| PB 0x0000000752400000| Untracked 
|  64|0x0000000752600000, 0x0000000752800000, 0x0000000752800000|100%| O|Cm|TAMS 0x0000000752600000| PB 0x0000000752600000| Complete 
|  65|0x0000000752800000, 0x0000000752800000, 0x0000000752a00000|  0%| F|  |TAMS 0x0000000752800000| PB 0x0000000752800000| Untracked 
|  66|0x0000000752a00000, 0x0000000752c00000, 0x0000000752c00000|100%| O|  |TAMS 0x0000000752a00000| PB 0x0000000752a00000| Untracked 
|  67|0x0000000752c00000, 0x0000000752c00000, 0x0000000752e00000|  0%| F|  |TAMS 0x0000000752c00000| PB 0x0000000752c00000| Untracked 
|  68|0x0000000752e00000, 0x0000000752e00000, 0x0000000753000000|  0%| F|  |TAMS 0x0000000752e00000| PB 0x0000000752e00000| Untracked 
|  69|0x0000000753000000, 0x0000000753000000, 0x0000000753200000|  0%| F|  |TAMS 0x0000000753000000| PB 0x0000000753000000| Untracked 
|  70|0x0000000753200000, 0x0000000753400000, 0x0000000753400000|100%| O|  |TAMS 0x0000000753200000| PB 0x0000000753200000| Untracked 
|  71|0x0000000753400000, 0x0000000753600000, 0x0000000753600000|100%| O|  |TAMS 0x0000000753400000| PB 0x0000000753400000| Untracked 
|  72|0x0000000753600000, 0x00000007537b8000, 0x0000000753800000| 85%| O|  |TAMS 0x0000000753600000| PB 0x0000000753600000| Untracked 
|  73|0x0000000753800000, 0x0000000753800000, 0x0000000753a00000|  0%| F|  |TAMS 0x0000000753800000| PB 0x0000000753800000| Untracked 
|  74|0x0000000753a00000, 0x0000000753a00000, 0x0000000753c00000|  0%| F|  |TAMS 0x0000000753a00000| PB 0x0000000753a00000| Untracked 
|  75|0x0000000753c00000, 0x0000000753c00000, 0x0000000753e00000|  0%| F|  |TAMS 0x0000000753c00000| PB 0x0000000753c00000| Untracked 
|  76|0x0000000753e00000, 0x0000000754000000, 0x0000000754000000|100%| O|  |TAMS 0x0000000753e00000| PB 0x0000000753e00000| Untracked 
|  77|0x0000000754000000, 0x0000000754200000, 0x0000000754200000|100%| O|Cm|TAMS 0x0000000754000000| PB 0x0000000754000000| Complete 
|  78|0x0000000754200000, 0x0000000754400000, 0x0000000754400000|100%| O|  |TAMS 0x0000000754200000| PB 0x0000000754200000| Untracked 
|  79|0x0000000754400000, 0x0000000754600000, 0x0000000754600000|100%| O|  |TAMS 0x0000000754400000| PB 0x0000000754400000| Untracked 
|  80|0x0000000754600000, 0x0000000754600000, 0x0000000754800000|  0%| F|  |TAMS 0x0000000754600000| PB 0x0000000754600000| Untracked 
|  81|0x0000000754800000, 0x0000000754800000, 0x0000000754a00000|  0%| F|  |TAMS 0x0000000754800000| PB 0x0000000754800000| Untracked 
|  82|0x0000000754a00000, 0x0000000754a00000, 0x0000000754c00000|  0%| F|  |TAMS 0x0000000754a00000| PB 0x0000000754a00000| Untracked 
|  83|0x0000000754c00000, 0x0000000754c00000, 0x0000000754e00000|  0%| F|  |TAMS 0x0000000754c00000| PB 0x0000000754c00000| Untracked 
|  84|0x0000000754e00000, 0x0000000754e00000, 0x0000000755000000|  0%| F|  |TAMS 0x0000000754e00000| PB 0x0000000754e00000| Untracked 
|  85|0x0000000755000000, 0x0000000755000000, 0x0000000755200000|  0%| F|  |TAMS 0x0000000755000000| PB 0x0000000755000000| Untracked 
|  86|0x0000000755200000, 0x0000000755200000, 0x0000000755400000|  0%| F|  |TAMS 0x0000000755200000| PB 0x0000000755200000| Untracked 
|  87|0x0000000755400000, 0x0000000755600000, 0x0000000755600000|100%|HS|  |TAMS 0x0000000755400000| PB 0x0000000755400000| Complete 
|  88|0x0000000755600000, 0x0000000755800000, 0x0000000755800000|100%| O|  |TAMS 0x0000000755600000| PB 0x0000000755600000| Untracked 
|  89|0x0000000755800000, 0x0000000755a00000, 0x0000000755a00000|100%| O|  |TAMS 0x0000000755800000| PB 0x0000000755800000| Untracked 
|  90|0x0000000755a00000, 0x0000000755c00000, 0x0000000755c00000|100%| O|  |TAMS 0x0000000755a00000| PB 0x0000000755a00000| Untracked 
|  91|0x0000000755c00000, 0x0000000755e00000, 0x0000000755e00000|100%| O|  |TAMS 0x0000000755c00000| PB 0x0000000755c00000| Untracked 
|  92|0x0000000755e00000, 0x0000000756000000, 0x0000000756000000|100%| O|  |TAMS 0x0000000755e00000| PB 0x0000000755e00000| Untracked 
|  93|0x0000000756000000, 0x0000000756200000, 0x0000000756200000|100%| O|  |TAMS 0x0000000756000000| PB 0x0000000756000000| Untracked 
|  94|0x0000000756200000, 0x0000000756400000, 0x0000000756400000|100%| O|  |TAMS 0x0000000756200000| PB 0x0000000756200000| Untracked 
|  95|0x0000000756400000, 0x0000000756600000, 0x0000000756600000|100%| O|  |TAMS 0x0000000756400000| PB 0x0000000756400000| Untracked 
|  96|0x0000000756600000, 0x0000000756800000, 0x0000000756800000|100%| O|Cm|TAMS 0x0000000756600000| PB 0x0000000756600000| Complete 
|  97|0x0000000756800000, 0x0000000756a00000, 0x0000000756a00000|100%| O|  |TAMS 0x0000000756800000| PB 0x0000000756800000| Untracked 
|  98|0x0000000756a00000, 0x0000000756c00000, 0x0000000756c00000|100%| O|  |TAMS 0x0000000756a00000| PB 0x0000000756a00000| Untracked 
|  99|0x0000000756c00000, 0x0000000756e00000, 0x0000000756e00000|100%| O|  |TAMS 0x0000000756c00000| PB 0x0000000756c00000| Untracked 
| 100|0x0000000756e00000, 0x0000000757000000, 0x0000000757000000|100%| O|  |TAMS 0x0000000756e00000| PB 0x0000000756e00000| Untracked 
| 101|0x0000000757000000, 0x0000000757200000, 0x0000000757200000|100%| O|  |TAMS 0x0000000757000000| PB 0x0000000757000000| Untracked 
| 102|0x0000000757200000, 0x0000000757400000, 0x0000000757400000|100%| O|  |TAMS 0x0000000757200000| PB 0x0000000757200000| Untracked 
| 103|0x0000000757400000, 0x0000000757600000, 0x0000000757600000|100%| O|  |TAMS 0x0000000757400000| PB 0x0000000757400000| Untracked 
| 104|0x0000000757600000, 0x0000000757800000, 0x0000000757800000|100%| O|  |TAMS 0x0000000757600000| PB 0x0000000757600000| Untracked 
| 105|0x0000000757800000, 0x0000000757800000, 0x0000000757a00000|  0%| F|  |TAMS 0x0000000757800000| PB 0x0000000757800000| Untracked 
| 106|0x0000000757a00000, 0x0000000757a00000, 0x0000000757c00000|  0%| F|  |TAMS 0x0000000757a00000| PB 0x0000000757a00000| Untracked 
| 107|0x0000000757c00000, 0x0000000757c00000, 0x0000000757e00000|  0%| F|  |TAMS 0x0000000757c00000| PB 0x0000000757c00000| Untracked 
| 108|0x0000000757e00000, 0x0000000757e00000, 0x0000000758000000|  0%| F|  |TAMS 0x0000000757e00000| PB 0x0000000757e00000| Untracked 
| 109|0x0000000758000000, 0x0000000758000000, 0x0000000758200000|  0%| F|  |TAMS 0x0000000758000000| PB 0x0000000758000000| Untracked 
| 110|0x0000000758200000, 0x0000000758200000, 0x0000000758400000|  0%| F|  |TAMS 0x0000000758200000| PB 0x0000000758200000| Untracked 
| 111|0x0000000758400000, 0x0000000758400000, 0x0000000758600000|  0%| F|  |TAMS 0x0000000758400000| PB 0x0000000758400000| Untracked 
| 112|0x0000000758600000, 0x0000000758600000, 0x0000000758800000|  0%| F|  |TAMS 0x0000000758600000| PB 0x0000000758600000| Untracked 
| 113|0x0000000758800000, 0x0000000758800000, 0x0000000758a00000|  0%| F|  |TAMS 0x0000000758800000| PB 0x0000000758800000| Untracked 
| 114|0x0000000758a00000, 0x0000000758c00000, 0x0000000758c00000|100%| S|CS|TAMS 0x0000000758a00000| PB 0x0000000758a00000| Complete 
| 115|0x0000000758c00000, 0x0000000758e00000, 0x0000000758e00000|100%| S|CS|TAMS 0x0000000758c00000| PB 0x0000000758c00000| Complete 
| 116|0x0000000758e00000, 0x0000000759000000, 0x0000000759000000|100%| S|CS|TAMS 0x0000000758e00000| PB 0x0000000758e00000| Complete 
| 117|0x0000000759000000, 0x0000000759200000, 0x0000000759200000|100%| S|CS|TAMS 0x0000000759000000| PB 0x0000000759000000| Complete 
| 118|0x0000000759200000, 0x0000000759400000, 0x0000000759400000|100%| S|CS|TAMS 0x0000000759200000| PB 0x0000000759200000| Complete 
| 119|0x0000000759400000, 0x0000000759600000, 0x0000000759600000|100%| S|CS|TAMS 0x0000000759400000| PB 0x0000000759400000| Complete 
| 120|0x0000000759600000, 0x0000000759600000, 0x0000000759800000|  0%| F|  |TAMS 0x0000000759600000| PB 0x0000000759600000| Untracked 
| 121|0x0000000759800000, 0x0000000759800000, 0x0000000759a00000|  0%| F|  |TAMS 0x0000000759800000| PB 0x0000000759800000| Untracked 
| 122|0x0000000759a00000, 0x0000000759a00000, 0x0000000759c00000|  0%| F|  |TAMS 0x0000000759a00000| PB 0x0000000759a00000| Untracked 
| 123|0x0000000759c00000, 0x0000000759c00000, 0x0000000759e00000|  0%| F|  |TAMS 0x0000000759c00000| PB 0x0000000759c00000| Untracked 
| 124|0x0000000759e00000, 0x0000000759e00000, 0x000000075a000000|  0%| F|  |TAMS 0x0000000759e00000| PB 0x0000000759e00000| Untracked 
| 125|0x000000075a000000, 0x000000075a000000, 0x000000075a200000|  0%| F|  |TAMS 0x000000075a000000| PB 0x000000075a000000| Untracked 
| 126|0x000000075a200000, 0x000000075a200000, 0x000000075a400000|  0%| F|  |TAMS 0x000000075a200000| PB 0x000000075a200000| Untracked 
| 127|0x000000075a400000, 0x000000075a400000, 0x000000075a600000|  0%| F|  |TAMS 0x000000075a400000| PB 0x000000075a400000| Untracked 
| 128|0x000000075a600000, 0x000000075a600000, 0x000000075a800000|  0%| F|  |TAMS 0x000000075a600000| PB 0x000000075a600000| Untracked 
| 129|0x000000075a800000, 0x000000075a800000, 0x000000075aa00000|  0%| F|  |TAMS 0x000000075a800000| PB 0x000000075a800000| Untracked 
| 130|0x000000075aa00000, 0x000000075aa00000, 0x000000075ac00000|  0%| F|  |TAMS 0x000000075aa00000| PB 0x000000075aa00000| Untracked 
| 131|0x000000075ac00000, 0x000000075ac00000, 0x000000075ae00000|  0%| F|  |TAMS 0x000000075ac00000| PB 0x000000075ac00000| Untracked 
| 132|0x000000075ae00000, 0x000000075ae00000, 0x000000075b000000|  0%| F|  |TAMS 0x000000075ae00000| PB 0x000000075ae00000| Untracked 
| 133|0x000000075b000000, 0x000000075b000000, 0x000000075b200000|  0%| F|  |TAMS 0x000000075b000000| PB 0x000000075b000000| Untracked 
| 134|0x000000075b200000, 0x000000075b200000, 0x000000075b400000|  0%| F|  |TAMS 0x000000075b200000| PB 0x000000075b200000| Untracked 
| 135|0x000000075b400000, 0x000000075b400000, 0x000000075b600000|  0%| F|  |TAMS 0x000000075b400000| PB 0x000000075b400000| Untracked 
| 136|0x000000075b600000, 0x000000075b600000, 0x000000075b800000|  0%| F|  |TAMS 0x000000075b600000| PB 0x000000075b600000| Untracked 
| 137|0x000000075b800000, 0x000000075b800000, 0x000000075ba00000|  0%| F|  |TAMS 0x000000075b800000| PB 0x000000075b800000| Untracked 
| 138|0x000000075ba00000, 0x000000075ba00000, 0x000000075bc00000|  0%| F|  |TAMS 0x000000075ba00000| PB 0x000000075ba00000| Untracked 
| 139|0x000000075bc00000, 0x000000075bc00000, 0x000000075be00000|  0%| F|  |TAMS 0x000000075bc00000| PB 0x000000075bc00000| Untracked 
| 140|0x000000075be00000, 0x000000075be00000, 0x000000075c000000|  0%| F|  |TAMS 0x000000075be00000| PB 0x000000075be00000| Untracked 
| 141|0x000000075c000000, 0x000000075c000000, 0x000000075c200000|  0%| F|  |TAMS 0x000000075c000000| PB 0x000000075c000000| Untracked 
| 142|0x000000075c200000, 0x000000075c200000, 0x000000075c400000|  0%| F|  |TAMS 0x000000075c200000| PB 0x000000075c200000| Untracked 
| 143|0x000000075c400000, 0x000000075c400000, 0x000000075c600000|  0%| F|  |TAMS 0x000000075c400000| PB 0x000000075c400000| Untracked 
| 144|0x000000075c600000, 0x000000075c600000, 0x000000075c800000|  0%| F|  |TAMS 0x000000075c600000| PB 0x000000075c600000| Untracked 
| 145|0x000000075c800000, 0x000000075c800000, 0x000000075ca00000|  0%| F|  |TAMS 0x000000075c800000| PB 0x000000075c800000| Untracked 
| 146|0x000000075ca00000, 0x000000075ca00000, 0x000000075cc00000|  0%| F|  |TAMS 0x000000075ca00000| PB 0x000000075ca00000| Untracked 
| 147|0x000000075cc00000, 0x000000075cc00000, 0x000000075ce00000|  0%| F|  |TAMS 0x000000075cc00000| PB 0x000000075cc00000| Untracked 
| 148|0x000000075ce00000, 0x000000075ce00000, 0x000000075d000000|  0%| F|  |TAMS 0x000000075ce00000| PB 0x000000075ce00000| Untracked 
| 149|0x000000075d000000, 0x000000075d000000, 0x000000075d200000|  0%| F|  |TAMS 0x000000075d000000| PB 0x000000075d000000| Untracked 
| 150|0x000000075d200000, 0x000000075d200000, 0x000000075d400000|  0%| F|  |TAMS 0x000000075d200000| PB 0x000000075d200000| Untracked 
| 151|0x000000075d400000, 0x000000075d400000, 0x000000075d600000|  0%| F|  |TAMS 0x000000075d400000| PB 0x000000075d400000| Untracked 
| 152|0x000000075d600000, 0x000000075d600000, 0x000000075d800000|  0%| F|  |TAMS 0x000000075d600000| PB 0x000000075d600000| Untracked 
| 153|0x000000075d800000, 0x000000075d800000, 0x000000075da00000|  0%| F|  |TAMS 0x000000075d800000| PB 0x000000075d800000| Untracked 
| 154|0x000000075da00000, 0x000000075da00000, 0x000000075dc00000|  0%| F|  |TAMS 0x000000075da00000| PB 0x000000075da00000| Untracked 
| 155|0x000000075dc00000, 0x000000075dc00000, 0x000000075de00000|  0%| F|  |TAMS 0x000000075dc00000| PB 0x000000075dc00000| Untracked 
| 156|0x000000075de00000, 0x000000075de00000, 0x000000075e000000|  0%| F|  |TAMS 0x000000075de00000| PB 0x000000075de00000| Untracked 
| 157|0x000000075e000000, 0x000000075e000000, 0x000000075e200000|  0%| F|  |TAMS 0x000000075e000000| PB 0x000000075e000000| Untracked 
| 158|0x000000075e200000, 0x000000075e200000, 0x000000075e400000|  0%| F|  |TAMS 0x000000075e200000| PB 0x000000075e200000| Untracked 
| 159|0x000000075e400000, 0x000000075e400000, 0x000000075e600000|  0%| F|  |TAMS 0x000000075e400000| PB 0x000000075e400000| Untracked 
| 160|0x000000075e600000, 0x000000075e600000, 0x000000075e800000|  0%| F|  |TAMS 0x000000075e600000| PB 0x000000075e600000| Untracked 
| 161|0x000000075e800000, 0x000000075e800000, 0x000000075ea00000|  0%| F|  |TAMS 0x000000075e800000| PB 0x000000075e800000| Untracked 
| 162|0x000000075ea00000, 0x000000075ea00000, 0x000000075ec00000|  0%| F|  |TAMS 0x000000075ea00000| PB 0x000000075ea00000| Untracked 
| 163|0x000000075ec00000, 0x000000075ec00000, 0x000000075ee00000|  0%| F|  |TAMS 0x000000075ec00000| PB 0x000000075ec00000| Untracked 
| 164|0x000000075ee00000, 0x000000075ee00000, 0x000000075f000000|  0%| F|  |TAMS 0x000000075ee00000| PB 0x000000075ee00000| Untracked 
| 165|0x000000075f000000, 0x000000075f000000, 0x000000075f200000|  0%| F|  |TAMS 0x000000075f000000| PB 0x000000075f000000| Untracked 
| 166|0x000000075f200000, 0x000000075f200000, 0x000000075f400000|  0%| F|  |TAMS 0x000000075f200000| PB 0x000000075f200000| Untracked 

Card table byte_map: [0x00000258c69b0000,0x00000258c6f60000] _byte_map_base: 0x00000258c2f5d000

Marking Bits: (CMBitMap*) 0x00000258aea8e3a0
 Bits: [0x00000258c6f60000, 0x00000258c9cc8000)

Polling page: 0x00000258ac9d0000

Metaspace:

Usage:
  Non-class:     23.29 MB used.
      Class:      2.84 MB used.
       Both:     26.13 MB used.

Virtual space:
  Non-class space:       64.00 MB reserved,      23.62 MB ( 37%) committed,  1 nodes.
      Class space:        1.00 GB reserved,       3.06 MB ( <1%) committed,  1 nodes.
             Both:        1.06 GB reserved,      26.69 MB (  2%) committed. 

Chunk freelists:
   Non-Class:  8.29 MB
       Class:  12.98 MB
        Both:  21.28 MB

MaxMetaspaceSize: unlimited
CompressedClassSpaceSize: 1.00 GB
Initial GC threshold: 21.00 MB
Current GC threshold: 44.38 MB
CDS: on
 - commit_granule_bytes: 65536.
 - commit_granule_words: 8192.
 - virtual_space_node_default_size: 8388608.
 - enlarge_chunks_in_place: 1.
 - use_allocation_guard: 0.


Internal statistics:

num_allocs_failed_limit: 3.
num_arena_births: 472.
num_arena_deaths: 8.
num_vsnodes_births: 2.
num_vsnodes_deaths: 0.
num_space_committed: 428.
num_space_uncommitted: 1.
num_chunks_returned_to_freelist: 21.
num_chunks_taken_from_freelist: 1446.
num_chunk_merges: 4.
num_chunk_splits: 976.
num_chunks_enlarged: 752.
num_inconsistent_stats: 0.

CodeHeap 'non-profiled nmethods': size=120000Kb used=4904Kb max_used=4904Kb free=115095Kb
 bounds [0x00000258be980000, 0x00000258bee90000, 0x00000258c5eb0000]
CodeHeap 'profiled nmethods': size=120000Kb used=12763Kb max_used=14352Kb free=107236Kb
 bounds [0x00000258b6eb0000, 0x00000258b7cc0000, 0x00000258be3e0000]
CodeHeap 'non-nmethods': size=5760Kb used=1446Kb max_used=1539Kb free=4313Kb
 bounds [0x00000258be3e0000, 0x00000258be650000, 0x00000258be980000]
 total_blobs=6851 nmethods=6320 adapters=435
 compilation: enabled
              stopped_count=0, restarted_count=0
 full_count=0

Compilation events (20 events):
Event: 12.239 Thread 0x00000258cc91fa40 7544       2       org.apache.maven.model.ReportSet::getReports (23 bytes)
Event: 12.239 Thread 0x00000258cc91fa40 nmethod 7544 0x00000258b6f96410 code [0x00000258b6f965c0, 0x00000258b6f96818]
Event: 12.244 Thread 0x00000258cc91fa40 7545       1       org.apache.maven.model.CiManagement::setNotifiers (6 bytes)
Event: 12.245 Thread 0x00000258cc91fa40 nmethod 7545 0x00000258becefb10 code [0x00000258becefca0, 0x00000258becefdb8]
Event: 12.252 Thread 0x00000258cc91fa40 7546       2       org.apache.maven.model.CiManagement::<init> (5 bytes)
Event: 12.252 Thread 0x00000258cc91fa40 nmethod 7546 0x00000258b79c5090 code [0x00000258b79c5220, 0x00000258b79c5328]
Event: 12.256 Thread 0x00000258cc91fa40 7547       2       org.apache.maven.model.interpolation.StringVisitorModelInterpolator$ModelVisitor::visit (66 bytes)
Event: 12.257 Thread 0x00000258cc91fa40 nmethod 7547 0x00000258b761f210 code [0x00000258b761f400, 0x00000258b761f928]
Event: 12.266 Thread 0x00000258cc91fa40 7548       2       org.apache.maven.model.interpolation.StringVisitorModelInterpolator$ModelVisitor::visit (89 bytes)
Event: 12.266 Thread 0x00000258cc91fa40 nmethod 7548 0x00000258b7ac7390 code [0x00000258b7ac7580, 0x00000258b7ac7a80]
Event: 12.266 Thread 0x00000258cc91fa40 7549       2       org.apache.maven.model.interpolation.StringVisitorModelInterpolator$ModelVisitor::visit (47 bytes)
Event: 12.267 Thread 0x00000258cc91fa40 nmethod 7549 0x00000258b72ea510 code [0x00000258b72ea6e0, 0x00000258b72ea9e8]
Event: 12.272 Thread 0x00000258cc91fa40 7550       2       io.quarkus.bootstrap.resolver.maven.workspace.ModelUtils::getGroupId (41 bytes)
Event: 12.272 Thread 0x00000258cc91fa40 nmethod 7550 0x00000258b741d190 code [0x00000258b741d340, 0x00000258b741d558]
Event: 12.272 Thread 0x00000258cc91fa40 7551       2       io.quarkus.bootstrap.resolver.maven.workspace.ModelUtils::getRawVersion (41 bytes)
Event: 12.272 Thread 0x00000258cc91fa40 nmethod 7551 0x00000258b7476690 code [0x00000258b7476840, 0x00000258b7476a58]
Event: 12.273 Thread 0x00000258cc91fa40 7552       1       org.apache.maven.model.PatternSet::setIncludes (6 bytes)
Event: 12.274 Thread 0x00000258cc91fa40 nmethod 7552 0x00000258be9dd610 code [0x00000258be9dd7a0, 0x00000258be9dd8b8]
Event: 12.279 Thread 0x00000258cc91fa40 7554       2       io.quarkus.bootstrap.resolver.maven.workspace.ModelUtils::getVersion (22 bytes)
Event: 12.279 Thread 0x00000258cc91fa40 nmethod 7554 0x00000258b7475190 code [0x00000258b7475380, 0x00000258b7475570]

GC Heap History (20 events):
Event: 8.702 GC heap after
{Heap after GC invocations=9 (full 0):
 garbage-first heap   total 225280K, used 105472K [0x000000074a600000, 0x0000000800000000)
  region size 2048K, 7 young (14336K), 7 survivors (14336K)
 Metaspace       used 22272K, committed 22720K, reserved 1114112K
  class space    used 2460K, committed 2688K, reserved 1048576K
}
Event: 9.046 GC heap before
{Heap before GC invocations=9 (full 0):
 garbage-first heap   total 225280K, used 183296K [0x000000074a600000, 0x0000000800000000)
  region size 2048K, 45 young (92160K), 7 survivors (14336K)
 Metaspace       used 22917K, committed 23360K, reserved 1114112K
  class space    used 2536K, committed 2752K, reserved 1048576K
}
Event: 9.059 GC heap after
{Heap after GC invocations=10 (full 0):
 garbage-first heap   total 225280K, used 129845K [0x000000074a600000, 0x0000000800000000)
  region size 2048K, 6 young (12288K), 6 survivors (12288K)
 Metaspace       used 22917K, committed 23360K, reserved 1114112K
  class space    used 2536K, committed 2752K, reserved 1048576K
}
Event: 9.117 GC heap before
{Heap before GC invocations=10 (full 0):
 garbage-first heap   total 225280K, used 185141K [0x000000074a600000, 0x0000000800000000)
  region size 2048K, 34 young (69632K), 6 survivors (12288K)
 Metaspace       used 22931K, committed 23360K, reserved 1114112K
  class space    used 2536K, committed 2752K, reserved 1048576K
}
Event: 9.128 GC heap after
{Heap after GC invocations=11 (full 0):
 garbage-first heap   total 288768K, used 142989K [0x000000074a600000, 0x0000000800000000)
  region size 2048K, 5 young (10240K), 5 survivors (10240K)
 Metaspace       used 22931K, committed 23360K, reserved 1114112K
  class space    used 2536K, committed 2752K, reserved 1048576K
}
Event: 9.256 GC heap before
{Heap before GC invocations=12 (full 0):
 garbage-first heap   total 327680K, used 229005K [0x000000074a600000, 0x0000000800000000)
  region size 2048K, 48 young (98304K), 5 survivors (10240K)
 Metaspace       used 22835K, committed 23296K, reserved 1114112K
  class space    used 2523K, committed 2752K, reserved 1048576K
}
Event: 9.262 GC heap after
{Heap after GC invocations=13 (full 0):
 garbage-first heap   total 327680K, used 147942K [0x000000074a600000, 0x0000000800000000)
  region size 2048K, 5 young (10240K), 5 survivors (10240K)
 Metaspace       used 22835K, committed 23296K, reserved 1114112K
  class space    used 2523K, committed 2752K, reserved 1048576K
}
Event: 9.347 GC heap before
{Heap before GC invocations=13 (full 0):
 garbage-first heap   total 327680K, used 260582K [0x000000074a600000, 0x0000000800000000)
  region size 2048K, 60 young (122880K), 5 survivors (10240K)
 Metaspace       used 22841K, committed 23296K, reserved 1114112K
  class space    used 2524K, committed 2752K, reserved 1048576K
}
Event: 9.359 GC heap after
{Heap after GC invocations=14 (full 0):
 garbage-first heap   total 327680K, used 167889K [0x000000074a600000, 0x0000000800000000)
  region size 2048K, 8 young (16384K), 8 survivors (16384K)
 Metaspace       used 22841K, committed 23296K, reserved 1114112K
  class space    used 2524K, committed 2752K, reserved 1048576K
}
Event: 9.977 GC heap before
{Heap before GC invocations=14 (full 0):
 garbage-first heap   total 327680K, used 251857K [0x000000074a600000, 0x0000000800000000)
  region size 2048K, 51 young (104448K), 8 survivors (16384K)
 Metaspace       used 23171K, committed 23552K, reserved 1114112K
  class space    used 2557K, committed 2752K, reserved 1048576K
}
Event: 9.992 GC heap after
{Heap after GC invocations=15 (full 0):
 garbage-first heap   total 327680K, used 192022K [0x000000074a600000, 0x0000000800000000)
  region size 2048K, 7 young (14336K), 7 survivors (14336K)
 Metaspace       used 23171K, committed 23552K, reserved 1114112K
  class space    used 2557K, committed 2752K, reserved 1048576K
}
Event: 10.581 GC heap before
{Heap before GC invocations=16 (full 0):
 garbage-first heap   total 331776K, used 269846K [0x000000074a600000, 0x0000000800000000)
  region size 2048K, 46 young (94208K), 7 survivors (14336K)
 Metaspace       used 23916K, committed 24320K, reserved 1114112K
  class space    used 2628K, committed 2816K, reserved 1048576K
}
Event: 10.594 GC heap after
{Heap after GC invocations=17 (full 0):
 garbage-first heap   total 331776K, used 210723K [0x000000074a600000, 0x0000000800000000)
  region size 2048K, 6 young (12288K), 6 survivors (12288K)
 Metaspace       used 23916K, committed 24320K, reserved 1114112K
  class space    used 2628K, committed 2816K, reserved 1048576K
}
Event: 11.293 GC heap before
{Heap before GC invocations=17 (full 0):
 garbage-first heap   total 331776K, used 282403K [0x000000074a600000, 0x0000000800000000)
  region size 2048K, 41 young (83968K), 6 survivors (12288K)
 Metaspace       used 26736K, committed 27264K, reserved 1114112K
  class space    used 2906K, committed 3136K, reserved 1048576K
}
Event: 11.303 GC heap after
{Heap after GC invocations=18 (full 0):
 garbage-first heap   total 331776K, used 214335K [0x000000074a600000, 0x0000000800000000)
  region size 2048K, 5 young (10240K), 5 survivors (10240K)
 Metaspace       used 26736K, committed 27264K, reserved 1114112K
  class space    used 2906K, committed 3136K, reserved 1048576K
}
Event: 11.581 GC heap before
{Heap before GC invocations=18 (full 0):
 garbage-first heap   total 331776K, used 288063K [0x000000074a600000, 0x0000000800000000)
  region size 2048K, 41 young (83968K), 5 survivors (10240K)
 Metaspace       used 26748K, committed 27264K, reserved 1114112K
  class space    used 2906K, committed 3136K, reserved 1048576K
}
Event: 11.591 GC heap after
{Heap after GC invocations=19 (full 0):
 garbage-first heap   total 331776K, used 226925K [0x000000074a600000, 0x0000000800000000)
  region size 2048K, 6 young (12288K), 6 survivors (12288K)
 Metaspace       used 26748K, committed 27264K, reserved 1114112K
  class space    used 2906K, committed 3136K, reserved 1048576K
}
Event: 11.876 GC heap before
{Heap before GC invocations=20 (full 0):
 garbage-first heap   total 342016K, used 249453K [0x000000074a600000, 0x0000000800000000)
  region size 2048K, 38 young (77824K), 6 survivors (12288K)
 Metaspace       used 26749K, committed 27264K, reserved 1114112K
  class space    used 2906K, committed 3136K, reserved 1048576K
}
Event: 11.885 GC heap after
{Heap after GC invocations=21 (full 0):
 garbage-first heap   total 342016K, used 198902K [0x000000074a600000, 0x0000000800000000)
  region size 2048K, 5 young (10240K), 5 survivors (10240K)
 Metaspace       used 26749K, committed 27264K, reserved 1114112K
  class space    used 2906K, committed 3136K, reserved 1048576K
}
Event: 12.281 GC heap before
{Heap before GC invocations=21 (full 0):
 garbage-first heap   total 342016K, used 284918K [0x000000074a600000, 0x0000000800000000)
  region size 2048K, 47 young (96256K), 5 survivors (10240K)
 Metaspace       used 26761K, committed 27328K, reserved 1114112K
  class space    used 2907K, committed 3136K, reserved 1048576K
}

Dll operation events (8 events):
Event: 0.010 Loaded shared library C:\java-libs\jdk-21\bin\java.dll
Event: 0.054 Loaded shared library C:\java-libs\jdk-21\bin\jsvml.dll
Event: 0.083 Loaded shared library C:\java-libs\jdk-21\bin\net.dll
Event: 0.085 Loaded shared library C:\java-libs\jdk-21\bin\nio.dll
Event: 0.089 Loaded shared library C:\java-libs\jdk-21\bin\zip.dll
Event: 0.097 Loaded shared library C:\java-libs\jdk-21\bin\jimage.dll
Event: 0.372 Loaded shared library C:\Users\aleks\AppData\Local\Temp\jansi-2.4.1-4c923010a9a6a982-jansi.dll
Event: 0.397 Loaded shared library C:\java-libs\jdk-21\bin\verify.dll

Deoptimization events (20 events):
Event: 11.793 Thread 0x00000258ac7f0b70 DEOPT PACKING pc=0x00000258beb6d158 sp=0x000000f0edafb4c0
Event: 11.793 Thread 0x00000258ac7f0b70 DEOPT UNPACKING pc=0x00000258be4346a2 sp=0x000000f0edafb1f0 mode 2
Event: 11.795 Thread 0x00000258ac7f0b70 Uncommon trap: trap_request=0xffffffbe fr.pc=0x00000258beb6d158 relative=0x0000000000000f38
Event: 11.795 Thread 0x00000258ac7f0b70 Uncommon trap: reason=profile_predicate action=maybe_recompile pc=0x00000258beb6d158 method=java.util.concurrent.ConcurrentHashMap$Traverser.advance()Ljava/util/concurrent/ConcurrentHashMap$Node; @ 15 c2
Event: 11.795 Thread 0x00000258ac7f0b70 DEOPT PACKING pc=0x00000258beb6d158 sp=0x000000f0edafb0a0
Event: 11.795 Thread 0x00000258ac7f0b70 DEOPT UNPACKING pc=0x00000258be4346a2 sp=0x000000f0edafadd0 mode 2
Event: 11.798 Thread 0x00000258ac7f0b70 DEOPT PACKING pc=0x00000258b6f763e3 sp=0x000000f0edafa2b0
Event: 11.798 Thread 0x00000258ac7f0b70 DEOPT UNPACKING pc=0x00000258be434e42 sp=0x000000f0edaf9790 mode 0
Event: 11.799 Thread 0x00000258ac7f0b70 Uncommon trap: trap_request=0xffffffbe fr.pc=0x00000258beb6d158 relative=0x0000000000000f38
Event: 11.799 Thread 0x00000258ac7f0b70 Uncommon trap: reason=profile_predicate action=maybe_recompile pc=0x00000258beb6d158 method=java.util.concurrent.ConcurrentHashMap$Traverser.advance()Ljava/util/concurrent/ConcurrentHashMap$Node; @ 15 c2
Event: 11.799 Thread 0x00000258ac7f0b70 DEOPT PACKING pc=0x00000258beb6d158 sp=0x000000f0edafac80
Event: 11.799 Thread 0x00000258ac7f0b70 DEOPT UNPACKING pc=0x00000258be4346a2 sp=0x000000f0edafa9b0 mode 2
Event: 11.862 Thread 0x00000258ac7f0b70 Uncommon trap: trap_request=0xffffff6e fr.pc=0x00000258bea594f8 relative=0x0000000000000478
Event: 11.862 Thread 0x00000258ac7f0b70 Uncommon trap: reason=loop_limit_check action=maybe_recompile pc=0x00000258bea594f8 method=org.eclipse.aether.internal.impl.collect.DefaultDependencyCycle.find(Ljava/util/List;Lorg/eclipse/aether/artifact/Artifact;)I @ 10 c2
Event: 11.862 Thread 0x00000258ac7f0b70 DEOPT PACKING pc=0x00000258bea594f8 sp=0x000000f0edafcdb0
Event: 11.862 Thread 0x00000258ac7f0b70 DEOPT UNPACKING pc=0x00000258be4346a2 sp=0x000000f0edafcd48 mode 2
Event: 11.915 Thread 0x00000258ac7f0b70 DEOPT PACKING pc=0x00000258b6f763e3 sp=0x000000f0edafa6d0
Event: 11.915 Thread 0x00000258ac7f0b70 DEOPT UNPACKING pc=0x00000258be434e42 sp=0x000000f0edaf9bb0 mode 0
Event: 12.281 Thread 0x00000258ac7f0b70 DEOPT PACKING pc=0x00000258b7722639 sp=0x000000f0edafc700
Event: 12.281 Thread 0x00000258ac7f0b70 DEOPT UNPACKING pc=0x00000258be434e42 sp=0x000000f0edafbc60 mode 0

Classes loaded (20 events):
Event: 10.048 Loading class java/util/stream/StreamSpliterators
Event: 10.048 Loading class java/util/stream/StreamSpliterators done
Event: 10.048 Loading class java/util/function/BooleanSupplier
Event: 10.048 Loading class java/util/function/BooleanSupplier done
Event: 10.057 Loading class java/nio/file/ClosedDirectoryStreamException
Event: 10.057 Loading class java/nio/file/ClosedDirectoryStreamException done
Event: 10.057 Loading class java/nio/file/DirectoryIteratorException
Event: 10.057 Loading class java/nio/file/DirectoryIteratorException done
Event: 10.408 Loading class java/io/InterruptedIOException
Event: 10.408 Loading class java/io/InterruptedIOException done
Event: 10.408 Loading class java/nio/channels/ClosedChannelException
Event: 10.409 Loading class java/nio/channels/ClosedChannelException done
Event: 10.410 Loading class java/nio/channels/NonWritableChannelException
Event: 10.410 Loading class java/nio/channels/NonWritableChannelException done
Event: 10.425 Loading class java/util/ResourceBundle$CacheKey
Event: 10.443 Loading class java/util/ResourceBundle$CacheKey done
Event: 10.596 Loading class jdk/internal/reflect/MethodHandleIntegerFieldAccessorImpl
Event: 10.596 Loading class jdk/internal/reflect/MethodHandleIntegerFieldAccessorImpl done
Event: 10.661 Loading class sun/nio/cs/UTF_8$Encoder
Event: 10.661 Loading class sun/nio/cs/UTF_8$Encoder done

Classes unloaded (20 events):
Event: 9.215 Thread 0x00000258cc8e1860 Unloading class 0x00000258ce28f150 'org/apache/commons/cli/CommandLine$Builder$$Lambda+0x00000258ce28f150'
Event: 9.215 Thread 0x00000258cc8e1860 Unloading class 0x00000258ce28ef48 'org/apache/commons/cli/CommandLine$Builder'
Event: 9.215 Thread 0x00000258cc8e1860 Unloading class 0x00000258ce28ec30 'org/apache/commons/cli/CommandLine'
Event: 9.215 Thread 0x00000258cc8e1860 Unloading class 0x00000258ce28e9d0 'org/apache/commons/cli/UnrecognizedOptionException'
Event: 9.215 Thread 0x00000258cc8e1860 Unloading class 0x00000258ce28e770 'org/apache/commons/cli/MissingArgumentException'
Event: 9.215 Thread 0x00000258cc8e1860 Unloading class 0x00000258ce28e510 'org/apache/commons/cli/MissingOptionException'
Event: 9.215 Thread 0x00000258cc8e1860 Unloading class 0x00000258ce28e288 'org/apache/commons/cli/GnuParser'
Event: 9.215 Thread 0x00000258cc8e1860 Unloading class 0x00000258ce28e000 'org/apache/commons/cli/Parser'
Event: 9.215 Thread 0x00000258cc8e1860 Unloading class 0x00000258ce28ddc8 'org/apache/maven/cli/CleanArgument'
Event: 9.215 Thread 0x00000258cc8e1860 Unloading class 0x00000258ce28dbc8 'org/apache/commons/cli/OptionValidator'
Event: 9.215 Thread 0x00000258cc8e1860 Unloading class 0x00000258ce28d9c0 'org/apache/commons/cli/Option$Builder'
Event: 9.215 Thread 0x00000258cc8e1860 Unloading class 0x00000258ce28d488 'org/apache/commons/cli/Option'
Event: 9.215 Thread 0x00000258cc8e1860 Unloading class 0x00000258ce28d1f8 'org/apache/commons/cli/Options'
Event: 9.215 Thread 0x00000258cc8e1860 Unloading class 0x00000258ce28d000 'org/apache/commons/cli/CommandLineParser'
Event: 9.215 Thread 0x00000258cc8e1860 Unloading class 0x00000258ce28c458 'org/apache/maven/cli/CLIManager'
Event: 9.215 Thread 0x00000258cc8e1860 Unloading class 0x00000258ce28c200 'org/apache/commons/cli/ParseException'
Event: 9.215 Thread 0x00000258cc8e1860 Unloading class 0x00000258ce28c000 'io/quarkus/bootstrap/resolver/maven/options/BootstrapMavenOptionsParser'
Event: 9.215 Thread 0x00000258cc8e1860 Unloading class 0x00000258ce278400 'java/lang/invoke/LambdaForm$DMH+0x00000258ce278400'
Event: 9.215 Thread 0x00000258cc8e1860 Unloading class 0x00000258ce278000 'java/lang/invoke/LambdaForm$DMH+0x00000258ce278000'
Event: 9.215 Thread 0x00000258cc8e1860 Unloading class 0x00000258ce274800 'java/lang/invoke/LambdaForm$DMH+0x00000258ce274800'

Classes redefined (0 events):
No events

Internal exceptions (20 events):
Event: 7.682 Thread 0x00000258ac7f0b70 Exception <a 'java/lang/NoSuchMethodError'{0x0000000757eab208}: 'java.lang.Object java.lang.invoke.DirectMethodHandle$Holder.newInvokeSpecial(java.lang.Object, java.lang.Object, java.lang.Object, java.lang.Object, java.lang.Object, java.lang.Object, java.lang.Object, java.lang.Object)'> (0x0000000757eab208) 
thrown [s\open\src\hotspot\share\interpreter\linkResolver.cpp, line 773]
Event: 7.684 Thread 0x00000258ac7f0b70 Exception <a 'java/lang/NoSuchMethodError'{0x0000000757ed56d0}: 'java.lang.Object java.lang.invoke.DirectMethodHandle$Holder.invokeStatic(java.lang.Object, java.lang.Object, int)'> (0x0000000757ed56d0) 
thrown [s\open\src\hotspot\share\interpreter\linkResolver.cpp, line 773]
Event: 7.685 Thread 0x00000258ac7f0b70 Exception <a 'java/lang/NoSuchMethodError'{0x0000000757ed9e80}: 'void java.lang.invoke.DirectMethodHandle$Holder.invokeStatic(java.lang.Object, java.lang.Object, int, java.lang.Object)'> (0x0000000757ed9e80) 
thrown [s\open\src\hotspot\share\interpreter\linkResolver.cpp, line 773]
Event: 7.686 Thread 0x00000258ac7f0b70 Exception <a 'java/lang/NoSuchMethodError'{0x0000000757ee1210}: 'void java.lang.invoke.DelegatingMethodHandle$Holder.delegate(java.lang.Object, java.lang.Object, int, java.lang.Object)'> (0x0000000757ee1210) 
thrown [s\open\src\hotspot\share\interpreter\linkResolver.cpp, line 773]
Event: 7.711 Thread 0x00000258ac7f0b70 Exception <a 'java/lang/NoSuchMethodError'{0x0000000757f97540}: 'java.lang.Object java.lang.invoke.DelegatingMethodHandle$Holder.reinvoke_L(java.lang.Object, java.lang.Object, java.lang.Object, java.lang.Object, java.lang.Object, java.lang.Object, java.lang.Object, java.lang.Object, java.lang.Object, java.lang.Object, java.lang.Object, java.lang.Object, java.lang.Object)'> (0x0000000757f97540) 
thrown [s\open\src\hotspot\share\interpreter\linkResolver.cpp, line 773]
Event: 7.716 Thread 0x00000258ac7f0b70 Exception <a 'java/lang/NoSuchMethodError'{0x0000000757fd6d98}: 'java.lang.Object java.lang.invoke.DirectMethodHandle$Holder.invokeStatic(java.lang.Object, java.lang.Object, java.lang.Object, java.lang.Object, java.lang.Object, java.lang.Object, java.lang.Object, java.lang.Object, java.lang.Object, java.lang.Object, java.lang.Object, java.lang.Object, java.lang.Object)'> (0x0000000757fd6d98) 
thrown [s\open\src\hotspot\share\interpreter\linkResolver.cpp, line 773]
Event: 7.717 Thread 0x00000258ac7f0b70 Exception <a 'java/lang/NoSuchMethodError'{0x0000000757ff4db0}: 'java.lang.Object java.lang.invoke.DirectMethodHandle$Holder.invokeStatic(java.lang.Object, java.lang.Object, java.lang.Object, java.lang.Object, java.lang.Object, java.lang.Object, java.lang.Object, java.lang.Object, java.lang.Object, java.lang.Object, java.lang.Object, java.lang.Object, java.lang.Object, java.lang.Object)'> (0x0000000757ff4db0) 
thrown [s\open\src\hotspot\share\interpreter\linkResolver.cpp, line 773]
Event: 7.719 Thread 0x00000258ac7f0b70 Exception <a 'java/lang/NoSuchMethodError'{0x0000000757c148e0}: 'java.lang.Object java.lang.invoke.DirectMethodHandle$Holder.invokeStatic(java.lang.Object, java.lang.Object, java.lang.Object, java.lang.Object, java.lang.Object, java.lang.Object, java.lang.Object, java.lang.Object, java.lang.Object, java.lang.Object, java.lang.Object, java.lang.Object, java.lang.Object, java.lang.Object, java.lang.Object)'> (0x0000000757c148e0) 
thrown [s\open\src\hotspot\share\interpreter\linkResolver.cpp, line 773]
Event: 7.721 Thread 0x00000258ac7f0b70 Exception <a 'java/lang/NoSuchMethodError'{0x0000000757c363f0}: 'java.lang.Object java.lang.invoke.DirectMethodHandle$Holder.invokeStatic(java.lang.Object, java.lang.Object, java.lang.Object, java.lang.Object, java.lang.Object, java.lang.Object, java.lang.Object, java.lang.Object, java.lang.Object, java.lang.Object, java.lang.Object, java.lang.Object, java.lang.Object, java.lang.Object, java.lang.Object, java.lang.Object)'> (0x0000000757c363f0) 
thrown [s\open\src\hotspot\share\interpreter\linkResolver.cpp
Event: 7.806 Thread 0x00000258ac7f0b70 Exception <a 'sun/nio/fs/WindowsException'{0x0000000757ad5cb0}> (0x0000000757ad5cb0) 
thrown [s\open\src\hotspot\share\prims\jni.cpp, line 520]
Event: 9.571 Thread 0x00000258ac7f0b70 Exception <a 'java/lang/NoSuchMethodError'{0x000000075a10dfc8}: 'java.lang.ClassLoader java.lang.ClassLoader.getPlatformClassLoader(java.lang.Class)'> (0x000000075a10dfc8) 
thrown [s\open\src\hotspot\share\interpreter\linkResolver.cpp, line 773]
Event: 9.818 Thread 0x00000258ac7f0b70 Implicit null exception at 0x00000258be9f0f98 to 0x00000258be9f1920
Event: 10.419 Thread 0x00000258ac7f0b70 Exception <a 'java/lang/NoSuchMethodError'{0x000000075a797498}: 'void java.lang.invoke.DelegatingMethodHandle$Holder.reinvoke_L(java.lang.Object, java.lang.Object, java.lang.Object, java.lang.Object, java.lang.Object, java.lang.Object, java.lang.Object, java.lang.Object, java.lang.Object, int)'> (0x000000075a797498) 
thrown [s\open\src\hotspot\share\interpreter\linkResolver.cpp, line 773]
Event: 11.017 Thread 0x00000258ac7f0b70 Exception <a 'java/lang/NoSuchMethodError'{0x000000075cfa9c18}: 'java.lang.Object java.lang.invoke.DirectMethodHandle$Holder.invokeInterface(java.lang.Object, java.lang.Object, java.lang.Object, java.lang.Object, java.lang.Object)'> (0x000000075cfa9c18) 
thrown [s\open\src\hotspot\share\interpreter\linkResolver.cpp, line 773]
Event: 11.063 Thread 0x0000025913bda690 Exception <a 'sun/nio/fs/WindowsException'{0x000000075cb12860}> (0x000000075cb12860) 
thrown [s\open\src\hotspot\share\prims\jni.cpp, line 520]
Event: 11.154 Thread 0x00000258ac7f0b70 Exception <a 'sun/nio/fs/WindowsException'{0x000000075c539950}> (0x000000075c539950) 
thrown [s\open\src\hotspot\share\prims\jni.cpp, line 520]
Event: 11.782 Thread 0x00000258ac7f0b70 Implicit null exception at 0x00000258beb6c32c to 0x00000258beb6d12c
Event: 11.793 Thread 0x00000258ac7f0b70 Implicit null exception at 0x00000258beb6c32c to 0x00000258beb6d12c
Event: 11.795 Thread 0x00000258ac7f0b70 Implicit null exception at 0x00000258beb6c32c to 0x00000258beb6d12c
Event: 11.799 Thread 0x00000258ac7f0b70 Implicit null exception at 0x00000258beb6c32c to 0x00000258beb6d12c

ZGC Phase Switch (0 events):
No events

VM Operations (20 events):
Event: 9.993 Executing VM operation: G1TryInitiateConcMark (G1 Humongous Allocation) done
Event: 10.078 Executing VM operation: G1PauseRemark
Event: 10.081 Executing VM operation: G1PauseRemark done
Event: 10.112 Executing VM operation: G1PauseCleanup
Event: 10.112 Executing VM operation: G1PauseCleanup done
Event: 10.410 Executing VM operation: HandshakeAllThreads (Deoptimize)
Event: 10.410 Executing VM operation: HandshakeAllThreads (Deoptimize) done
Event: 10.581 Executing VM operation: G1CollectForAllocation (G1 Evacuation Pause)
Event: 10.594 Executing VM operation: G1CollectForAllocation (G1 Evacuation Pause) done
Event: 11.293 Executing VM operation: G1CollectForAllocation (G1 Evacuation Pause)
Event: 11.303 Executing VM operation: G1CollectForAllocation (G1 Evacuation Pause) done
Event: 11.581 Executing VM operation: G1CollectForAllocation (G1 Evacuation Pause)
Event: 11.591 Executing VM operation: G1CollectForAllocation (G1 Evacuation Pause) done
Event: 11.658 Executing VM operation: G1PauseRemark
Event: 11.662 Executing VM operation: G1PauseRemark done
Event: 11.684 Executing VM operation: G1PauseCleanup
Event: 11.684 Executing VM operation: G1PauseCleanup done
Event: 11.876 Executing VM operation: G1CollectForAllocation (G1 Evacuation Pause)
Event: 11.885 Executing VM operation: G1CollectForAllocation (G1 Evacuation Pause) done
Event: 12.281 Executing VM operation: G1CollectForAllocation (G1 Evacuation Pause)

Events (20 events):
Event: 11.661 Thread 0x00000258cc8e1860 flushing nmethod 0x00000258b7c5d090
Event: 11.661 Thread 0x00000258cc8e1860 flushing nmethod 0x00000258b7c5d710
Event: 11.661 Thread 0x00000258cc8e1860 flushing nmethod 0x00000258be9f0a10
Event: 11.661 Thread 0x00000258cc8e1860 flushing nmethod 0x00000258b6eec090
Event: 11.661 Thread 0x00000258cc8e1860 flushing nmethod 0x00000258b6f96410
Event: 11.661 Thread 0x00000258cc8e1860 flushing nmethod 0x00000258b7148390
Event: 11.661 Thread 0x00000258cc8e1860 flushing nmethod 0x00000258b7808990
Event: 11.661 Thread 0x00000258cc8e1860 flushing nmethod 0x00000258b7be7b90
Event: 11.661 Thread 0x00000258cc8e1860 flushing nmethod 0x00000258b7c31f90
Event: 11.661 Thread 0x00000258cc8e1860 flushing nmethod 0x00000258b6ec9190
Event: 11.661 Thread 0x00000258cc8e1860 flushing nmethod 0x00000258b6fc3710
Event: 11.661 Thread 0x00000258cc8e1860 flushing nmethod 0x00000258b711dc10
Event: 11.661 Thread 0x00000258cc8e1860 flushing nmethod 0x00000258b75f7c10
Event: 11.661 Thread 0x00000258cc8e1860 flushing nmethod 0x00000258b75f8110
Event: 11.661 Thread 0x00000258cc8e1860 flushing nmethod 0x00000258b75f8b90
Event: 11.661 Thread 0x00000258cc8e1860 flushing nmethod 0x00000258b75f9690
Event: 11.661 Thread 0x00000258cc8e1860 flushing nmethod 0x00000258b7bf5390
Event: 11.661 Thread 0x00000258cc8e1860 flushing nmethod 0x00000258b7c51590
Event: 11.661 Thread 0x00000258cc8e1860 flushing nmethod 0x00000258b7c80310
Event: 11.661 Thread 0x00000258cc8e1860 flushing nmethod 0x00000258b7c83010


Dynamic libraries:
0x00007ff7a16b0000 - 0x00007ff7a16c0000 	C:\java-libs\jdk-21\bin\java.exe
0x00007ff94b7d0000 - 0x00007ff94b9e7000 	C:\WINDOWS\SYSTEM32\ntdll.dll
0x00007ff94b6b0000 - 0x00007ff94b774000 	C:\WINDOWS\System32\KERNEL32.DLL
0x00007ff948cd0000 - 0x00007ff949087000 	C:\WINDOWS\System32\KERNELBASE.dll
0x00007ff949100000 - 0x00007ff949211000 	C:\WINDOWS\System32\ucrtbase.dll
0x00007ff938230000 - 0x00007ff938249000 	C:\java-libs\jdk-21\bin\jli.dll
0x00007ff937610000 - 0x00007ff93762b000 	C:\java-libs\jdk-21\bin\VCRUNTIME140.dll
0x00007ff949c40000 - 0x00007ff949cf2000 	C:\WINDOWS\System32\ADVAPI32.dll
0x00007ff949d00000 - 0x00007ff949da7000 	C:\WINDOWS\System32\msvcrt.dll
0x00007ff949dc0000 - 0x00007ff949e68000 	C:\WINDOWS\System32\sechost.dll
0x00007ff9494d0000 - 0x00007ff9494f8000 	C:\WINDOWS\System32\bcrypt.dll
0x00007ff949a10000 - 0x00007ff949b24000 	C:\WINDOWS\System32\RPCRT4.dll
0x00007ff94a140000 - 0x00007ff94a2ef000 	C:\WINDOWS\System32\USER32.dll
0x00007ff92f030000 - 0x00007ff92f2c3000 	C:\WINDOWS\WinSxS\amd64_microsoft.windows.common-controls_6595b64144ccf1df_6.0.22621.3672_none_2713b9d173822955\COMCTL32.dll
0x00007ff9492c0000 - 0x00007ff9492e6000 	C:\WINDOWS\System32\win32u.dll
0x00007ff949c10000 - 0x00007ff949c39000 	C:\WINDOWS\System32\GDI32.dll
0x00007ff9492f0000 - 0x00007ff949408000 	C:\WINDOWS\System32\gdi32full.dll
0x00007ff949220000 - 0x00007ff9492ba000 	C:\WINDOWS\System32\msvcp_win.dll
0x00007ff93fd20000 - 0x00007ff93fd2a000 	C:\WINDOWS\SYSTEM32\VERSION.dll
0x00007ff94a2f0000 - 0x00007ff94a321000 	C:\WINDOWS\System32\IMM32.DLL
0x00007ff937760000 - 0x00007ff93776c000 	C:\java-libs\jdk-21\bin\vcruntime140_1.dll
0x00007ff937580000 - 0x00007ff93760e000 	C:\java-libs\jdk-21\bin\msvcp140.dll
0x00007ff8cfa10000 - 0x00007ff8d0723000 	C:\java-libs\jdk-21\bin\server\jvm.dll
0x00007ff9497d0000 - 0x00007ff949841000 	C:\WINDOWS\System32\WS2_32.dll
0x00007ff9489b0000 - 0x00007ff9489fd000 	C:\WINDOWS\SYSTEM32\POWRPROF.dll
0x00007ff942fd0000 - 0x00007ff943004000 	C:\WINDOWS\SYSTEM32\WINMM.dll
0x00007ff948990000 - 0x00007ff9489a3000 	C:\WINDOWS\SYSTEM32\UMPDC.dll
0x00007ff947b10000 - 0x00007ff947b28000 	C:\WINDOWS\SYSTEM32\kernel.appcore.dll
0x00007ff937570000 - 0x00007ff93757a000 	C:\java-libs\jdk-21\bin\jimage.dll
0x00007ff9464c0000 - 0x00007ff9466f2000 	C:\WINDOWS\SYSTEM32\DBGHELP.DLL
0x00007ff94a9a0000 - 0x00007ff94ad2e000 	C:\WINDOWS\System32\combase.dll
0x00007ff949b30000 - 0x00007ff949c07000 	C:\WINDOWS\System32\OLEAUT32.dll
0x00007ff932360000 - 0x00007ff932392000 	C:\WINDOWS\SYSTEM32\dbgcore.DLL
0x00007ff948c50000 - 0x00007ff948ccb000 	C:\WINDOWS\System32\bcryptPrimitives.dll
0x00007ff937550000 - 0x00007ff93756f000 	C:\java-libs\jdk-21\bin\java.dll
0x00007ff94ae30000 - 0x00007ff94b699000 	C:\WINDOWS\System32\SHELL32.dll
0x00007ff946a00000 - 0x00007ff9472ff000 	C:\WINDOWS\SYSTEM32\windows.storage.dll
0x00007ff9468c0000 - 0x00007ff9469ff000 	C:\WINDOWS\SYSTEM32\wintypes.dll
0x00007ff94a3d0000 - 0x00007ff94a4c9000 	C:\WINDOWS\System32\SHCORE.dll
0x00007ff949500000 - 0x00007ff94955e000 	C:\WINDOWS\System32\shlwapi.dll
0x00007ff948a10000 - 0x00007ff948a37000 	C:\WINDOWS\SYSTEM32\profapi.dll
0x00007ff937470000 - 0x00007ff937547000 	C:\java-libs\jdk-21\bin\jsvml.dll
0x00007ff9371f0000 - 0x00007ff937200000 	C:\java-libs\jdk-21\bin\net.dll
0x00007ff943c10000 - 0x00007ff943d46000 	C:\WINDOWS\SYSTEM32\WINHTTP.dll
0x00007ff947fa0000 - 0x00007ff948009000 	C:\WINDOWS\system32\mswsock.dll
0x00007ff9371d0000 - 0x00007ff9371e6000 	C:\java-libs\jdk-21\bin\nio.dll
0x00007ff9371b0000 - 0x00007ff9371c8000 	C:\java-libs\jdk-21\bin\zip.dll
0x00007ff937010000 - 0x00007ff937034000 	C:\Users\aleks\AppData\Local\Temp\jansi-2.4.1-4c923010a9a6a982-jansi.dll
0x00007ff937000000 - 0x00007ff937010000 	C:\java-libs\jdk-21\bin\verify.dll
0x00007ff9481f0000 - 0x00007ff94820b000 	C:\WINDOWS\SYSTEM32\CRYPTSP.dll
0x00007ff947a70000 - 0x00007ff947aa5000 	C:\WINDOWS\system32\rsaenh.dll
0x00007ff948090000 - 0x00007ff9480b8000 	C:\WINDOWS\SYSTEM32\USERENV.dll
0x00007ff948210000 - 0x00007ff94821c000 	C:\WINDOWS\SYSTEM32\CRYPTBASE.dll
0x00007ff947560000 - 0x00007ff94758d000 	C:\WINDOWS\SYSTEM32\IPHLPAPI.DLL
0x00007ff949e70000 - 0x00007ff949e79000 	C:\WINDOWS\System32\NSI.dll
0x00007ff92a2b0000 - 0x00007ff92a2c7000 	C:\WINDOWS\system32\napinsp.dll
0x00007ff92a290000 - 0x00007ff92a2ab000 	C:\WINDOWS\system32\pnrpnsp.dll
0x00007ff9475d0000 - 0x00007ff9476d2000 	C:\WINDOWS\SYSTEM32\DNSAPI.dll
0x00007ff92a100000 - 0x00007ff92a111000 	C:\WINDOWS\System32\winrnr.dll
0x00007ff942d30000 - 0x00007ff942d45000 	C:\WINDOWS\system32\wshbth.dll
0x00007ff92a030000 - 0x00007ff92a057000 	C:\WINDOWS\system32\nlansp_c.dll
0x00007ff93ffd0000 - 0x00007ff93ffda000 	C:\Windows\System32\rasadhlp.dll
0x00007ff942b10000 - 0x00007ff942b93000 	C:\WINDOWS\System32\fwpuclnt.dll

dbghelp: loaded successfully - version: 4.0.5 - missing functions: none
symbol engine: initialized successfully - sym options: 0x614 - pdb path: .;C:\java-libs\jdk-21\bin;C:\WINDOWS\SYSTEM32;C:\WINDOWS\WinSxS\amd64_microsoft.windows.common-controls_6595b64144ccf1df_6.0.22621.3672_none_2713b9d173822955;C:\java-libs\jdk-21\bin\server;C:\Users\aleks\AppData\Local\Temp

VM Arguments:
jvm_args: -Dmaven.multiModuleProjectDirectory=C:\Users\aleks\hackaton\upSus-back 
java_command: org.apache.maven.wrapper.MavenWrapperMain compile quarkus:dev
java_class_path (initial): C:\Users\aleks\hackaton\upSus-back\.mvn\wrapper\maven-wrapper.jar
Launcher Type: SUN_STANDARD

[Global flags]
     intx CICompilerCount                          = 4                                         {product} {ergonomic}
     uint ConcGCThreads                            = 3                                         {product} {ergonomic}
     uint G1ConcRefinementThreads                  = 10                                        {product} {ergonomic}
   size_t G1HeapRegionSize                         = 2097152                                   {product} {ergonomic}
    uintx GCDrainStackTargetSize                   = 64                                        {product} {ergonomic}
   size_t InitialHeapSize                          = 190840832                                 {product} {ergonomic}
   size_t MarkStackSize                            = 4194304                                   {product} {ergonomic}
   size_t MaxHeapSize                              = 3047161856                                {product} {ergonomic}
   size_t MaxNewSize                               = 1826619392                                {product} {ergonomic}
   size_t MinHeapDeltaBytes                        = 2097152                                   {product} {ergonomic}
   size_t MinHeapSize                              = 8388608                                   {product} {ergonomic}
    uintx NonNMethodCodeHeapSize                   = 5839372                                {pd product} {ergonomic}
    uintx NonProfiledCodeHeapSize                  = 122909434                              {pd product} {ergonomic}
    uintx ProfiledCodeHeapSize                     = 122909434                              {pd product} {ergonomic}
    uintx ReservedCodeCacheSize                    = 251658240                              {pd product} {ergonomic}
     bool SegmentedCodeCache                       = true                                      {product} {ergonomic}
   size_t SoftMaxHeapSize                          = 3047161856                             {manageable} {ergonomic}
     bool UseCompressedOops                        = true                           {product lp64_product} {ergonomic}
     bool UseG1GC                                  = true                                      {product} {ergonomic}
     bool UseLargePagesIndividualAllocation        = false                                  {pd product} {ergonomic}

Logging:
Log output configuration:
 #0: stdout all=warning uptime,level,tags foldmultilines=false
 #1: stderr all=off uptime,level,tags foldmultilines=false

Environment Variables:
JAVA_HOME=C:\java-libs\jdk-21
PATH=C:\Program Files\PowerShell\7;C:\WINDOWS\system32;C:\WINDOWS;C:\WINDOWS\System32\Wbem;C:\WINDOWS\System32\WindowsPowerShell\v1.0\;C:\WINDOWS\System32\OpenSSH\;C:\Program Files\PowerShell\7\;C:\Program Files\Git\cmd;C:\Program Files\nodejs\;C:\Program Files\dotnet\;C:\Program Files\Docker\Docker\resources\bin;C:\Program Files (x86)\Java\jre1.8.0_421;C:\Program Files\MySQL\MySQL Shell 8.0\bin\;C:\Users\aleks\AppData\Local\Microsoft\WindowsApps;C:\Users\aleks\AppData\Local\Programs\Microsoft VS Code\bin;C:\Users\aleks\AppData\Roaming\npm;C:\Program Files (x86)\Java;C:\Program Files (x86)\Java\jre1.8.0_421;C:\Program Files (x86)\Common Files\Oracle\Java\java8path;C:\java-libs\jdk-21\bin;C:\Program Files (x86)\Java\jre1.8.0_421\bin;
USERNAME=aleks
LANG=en_US.UTF-8
OS=Windows_NT
PROCESSOR_IDENTIFIER=AMD64 Family 23 Model 104 Stepping 1, AuthenticAMD
TMP=C:\Users\aleks\AppData\Local\Temp
TEMP=C:\Users\aleks\AppData\Local\Temp




Periodic native trim disabled

---------------  S Y S T E M  ---------------

OS:
 Windows 11 , 64 bit Build 22621 (10.0.22621.3958)
OS uptime: 0 days 1:13 hours
Hyper-V role detected

CPU: total 12 (initial active 12) (12 cores per cpu, 2 threads per core) family 23 model 104 stepping 1 microcode 0x0, cx8, cmov, fxsr, ht, mmx, 3dnowpref, sse, sse2, sse3, ssse3, sse4a, sse4.1, sse4.2, popcnt, lzcnt, tsc, tscinvbit, avx, avx2, aes, clmul, bmi1, bmi2, adx, sha, fma, vzeroupper, clflush, clflushopt, hv, rdtscp, rdpid, f16c
Processor Information for all 12 processors :
  Max Mhz: 2100, Current Mhz: 2100, Mhz Limit: 2100

Memory: 4k page, system-wide physical 11621M (1096M free)
TotalPageFile size 18621M (AvailPageFile size 252M)
current process WorkingSet (physical memory assigned to process): 535M, peak: 536M
current process commit charge ("private bytes"): 584M, peak: 1093M

vm_info: Java HotSpot(TM) 64-Bit Server VM (21.0.4+8-LTS-274) for windows-amd64 JRE (21.0.4+8-LTS-274), built on 2024-06-05T05:23:33Z by "mach5one" with MS VC++ 17.6 (VS2022)

END.
